Determining if the pthread_create exist failed with the following output:
Change Dir: /home/arlab/first_ROS_ws/src/beginner_tutorials/build/catkin_tools_prebuild/CMakeFiles/CMakeTmp

Run Build Command:/usr/bin/make "cmTryCompileExec558822751/fast"
/usr/bin/make -f CMakeFiles/cmTryCompileExec558822751.dir/build.make CMakeFiles/cmTryCompileExec558822751.dir/build
make[1]: Entering directory `/home/arlab/first_ROS_ws/src/beginner_tutorials/build/catkin_tools_prebuild/CMakeFiles/CMakeTmp'
/usr/bin/cmake -E cmake_progress_report /home/arlab/first_ROS_ws/src/beginner_tutorials/build/catkin_tools_prebuild/CMakeFiles/CMakeTmp/CMakeFiles 1
Building C object CMakeFiles/cmTryCompileExec558822751.dir/CheckSymbolExists.c.o
/usr/bin/cc    -o CMakeFiles/cmTryCompileExec558822751.dir/CheckSymbolExists.c.o   -c /home/arlab/first_ROS_ws/src/beginner_tutorials/build/catkin_tools_prebuild/CMakeFiles/CMakeTmp/CheckSymbolExists.c
Linking C executable cmTryCompileExec558822751
/usr/bin/cmake -E cmake_link_script CMakeFiles/cmTryCompileExec558822751.dir/link.txt --verbose=1
/usr/bin/cc       CMakeFiles/cmTryCompileExec558822751.dir/CheckSymbolExists.c.o  -o cmTryCompileExec558822751 -rdynamic 
CMakeFiles/cmTryCompileExec558822751.dir/CheckSymbolExists.c.o: In function `main':
CheckSymbolExists.c:(.text+0x16): undefined reference to `pthread_create'
collect2: error: ld returned 1 exit status
make[1]: Leaving directory `/home/arlab/first_ROS_ws/src/beginner_tutorials/build/catkin_tools_prebuild/CMakeFiles/CMakeTmp'
make[1]: *** [cmTryCompileExec558822751] Error 1
make: *** [cmTryCompileExec558822751/fast] Error 2

File /home/arlab/first_ROS_ws/src/beginner_tutorials/build/catkin_tools_prebuild/CMakeFiles/CMakeTmp/CheckSymbolExists.c:
/* */
#include <pthread.h>

int main(int argc, char** argv)
{
  (void)argv;
#ifndef pthread_create
  return ((int*)(&pthread_create))[argc];
#else
  (void)argc;
  return 0;
#endif
}

Determining if the function pthread_create exists in the pthreads failed with the following output:
Change Dir: /home/arlab/first_ROS_ws/src/beginner_tutorials/build/catkin_tools_prebuild/CMakeFiles/CMakeTmp

Run Build Command:/usr/bin/make "cmTryCompileExec710378921/fast"
/usr/bin/make -f CMakeFiles/cmTryCompileExec710378921.dir/build.make CMakeFiles/cmTryCompileExec710378921.dir/build
make[1]: Entering directory `/home/arlab/first_ROS_ws/src/beginner_tutorials/build/catkin_tools_prebuild/CMakeFiles/CMakeTmp'
/usr/bin/cmake -E cmake_progress_report /home/arlab/first_ROS_ws/src/beginner_tutorials/build/catkin_tools_prebuild/CMakeFiles/CMakeTmp/CMakeFiles 1
Building C object CMakeFiles/cmTryCompileExec710378921.dir/CheckFunctionExists.c.o
/usr/bin/cc   -DCHECK_FUNCTION_EXISTS=pthread_create   -o CMakeFiles/cmTryCompileExec710378921.dir/CheckFunctionExists.c.o   -c /usr/share/cmake-2.8/Modules/CheckFunctionExists.c
Linking C executable cmTryCompileExec710378921
/usr/bin/cmake -E cmake_link_script CMakeFiles/cmTryCompileExec710378921.dir/link.txt --verbose=1
/usr/bin/cc   -DCHECK_FUNCTION_EXISTS=pthread_create    CMakeFiles/cmTryCompileExec710378921.dir/CheckFunctionExists.c.o  -o cmTryCompileExec710378921 -rdynamic -lpthreads 
/usr/bin/ld: cannot find -lpthreads
collect2: error: ld returned 1 exit status
make[1]: Leaving directory `/home/arlab/first_ROS_ws/src/beginner_tutorials/build/catkin_tools_prebuild/CMakeFiles/CMakeTmp'
make[1]: *** [cmTryCompileExec710378921] Error 1
make: *** [cmTryCompileExec710378921/fast] Error 2


